{"level":"info","message":{"body":{"email":"test@gmail.com","firstName":"Test","lastName":"Testtest","password":"password","username":"testinitup"},"level":"info","method":"POST","parameters":{"0":"/registration"},"timestamp":"11/3/2023, 7:08:21 PM","url":"/registration"},"service":"user-service"}
{"level":"info","message":{"body":{"email":"test@example.com","firstName":"test","lastName":"testy","password":"Password","username":"test"},"level":"info","method":"POST","parameters":{"0":"/registration"},"timestamp":"11/3/2023, 7:24:54 PM","url":"/registration"},"service":"user-service"}
{"level":"info","message":{"body":{"email":"test@example.com","firstName":"test","lastName":"testy","password":"Password","username":"test"},"level":"info","method":"POST","parameters":{"0":"/registration"},"timestamp":"11/3/2023, 7:24:54 PM","url":"/registration"},"service":"user-service"}
{"level":"info","message":{"body":{"email":"test@example.com","firstName":"test","lastName":"testy","password":"Password","username":"test"},"level":"info","method":"POST","parameters":{"0":"/registration"},"timestamp":"11/3/2023, 7:24:54 PM","url":"/registration"},"service":"user-service"}
{"level":"info","message":{"body":{"email":"test@example.com","firstName":"test","lastName":"testy","password":"Password","username":"test"},"level":"info","method":"POST","parameters":{"0":"/registration"},"timestamp":"11/3/2023, 7:24:54 PM","url":"/registration"},"service":"user-service"}
{"level":"info","message":{"body":{"email":"test@example.com","firstName":"test","lastName":"testy","password":"Password","username":"test"},"level":"info","method":"POST","parameters":{"0":"/registration"},"timestamp":"11/3/2023, 7:25:29 PM","url":"/registration"},"service":"user-service"}
{"level":"info","message":{"body":{"email":"test@example.com","firstName":"test","lastName":"testy","password":"Password","username":"test"},"level":"info","method":"POST","parameters":{"0":"/registration"},"timestamp":"11/3/2023, 7:25:29 PM","url":"/registration"},"service":"user-service"}
{"level":"info","message":{"body":{"email":"test@example.com","firstName":"test","lastName":"testy","password":"Password","username":"test"},"level":"info","method":"POST","parameters":{"0":"/registration"},"timestamp":"11/3/2023, 7:25:29 PM","url":"/registration"},"service":"user-service"}
{"level":"info","message":{"body":{"email":"test@example.com","firstName":"test","lastName":"testy","password":"Password","username":"test"},"level":"info","method":"POST","parameters":{"0":"/registration"},"timestamp":"11/3/2023, 7:25:29 PM","url":"/registration"},"service":"user-service"}
{"level":"info","message":{"body":{"email":"test@example.com","firstName":"test","lastName":"testy","password":"Password123","username":"test"},"level":"info","method":"POST","parameters":{"0":"/registration"},"timestamp":"11/3/2023, 7:25:46 PM","url":"/registration"},"service":"user-service"}
{"level":"info","message":{"body":{"email":"test@example.com","firstName":"test","lastName":"testy","password":"Password123","username":"test"},"level":"info","method":"POST","parameters":{"0":"/registration"},"timestamp":"11/3/2023, 7:25:46 PM","url":"/registration"},"service":"user-service"}
{"level":"info","message":{"body":{"email":"test@example.com","firstName":"test","lastName":"testy","password":"Password123","username":"test"},"level":"info","method":"POST","parameters":{"0":"/registration"},"timestamp":"11/3/2023, 7:25:46 PM","url":"/registration"},"service":"user-service"}
{"level":"info","message":{"body":{"email":"test@example.com","firstName":"test","lastName":"testy","password":"Password123","username":"test"},"level":"info","method":"POST","parameters":{"0":"/registration"},"timestamp":"11/3/2023, 7:25:46 PM","url":"/registration"},"service":"user-service"}
{"level":"info","message":{"body":{"email":"test@example.com","firstName":"test","lastName":"testy","password":"Password123?","username":"test"},"level":"info","method":"POST","parameters":{"0":"/registration"},"timestamp":"11/3/2023, 7:25:48 PM","url":"/registration"},"service":"user-service"}
{"level":"info","message":{"body":{"email":"test@example.com","firstName":"Test","lastName":"Testy","password":"Password123?","username":"gottatestemall"},"level":"info","method":"POST","parameters":{"0":"/registration"},"timestamp":"11/3/2023, 7:36:21 PM","url":"/registration"},"service":"user-service"}
{"level":"info","message":{"body":{"email":"test@gmail.com","firstName":"Deron","lastName":"Test","password":"Password123?","username":"gottatest"},"level":"info","method":"POST","parameters":{"0":"/registration"},"timestamp":"11/3/2023, 8:12:44 PM","url":"/registration"},"service":"user-service"}
{"level":"info","message":{"body":{"password":"test123!","userName":"test2"},"level":"info","method":"POST","parameters":{"0":"/login"},"timestamp":"11/6/2023, 1:31:32 PM","url":"/login"},"service":"user-service"}
{"level":"info","message":{"body":{"password":"test123!","userName":"test2"},"level":"info","method":"GET","parameters":{"0":"/login"},"timestamp":"11/6/2023, 1:31:39 PM","url":"/login"},"service":"user-service"}
{"level":"info","message":{"body":{"password":"test123!","userName":"test2"},"level":"info","method":"GET","parameters":{"0":"/register"},"timestamp":"11/6/2023, 1:31:49 PM","url":"/register"},"service":"user-service"}
{"level":"info","message":{"body":{"password":"test123!","userName":"test2"},"level":"info","method":"GET","parameters":{"0":"/Registration"},"timestamp":"11/6/2023, 1:32:16 PM","url":"/Registration"},"service":"user-service"}
{"level":"info","message":{"body":{"password":"test123!","userName":"test2"},"level":"info","method":"GET","parameters":{"0":"/registration"},"timestamp":"11/6/2023, 1:32:23 PM","url":"/registration"},"service":"user-service"}
{"level":"info","message":{"body":{},"level":"info","method":"GET","parameters":{"0":"/registration"},"timestamp":"11/6/2023, 1:32:31 PM","url":"/registration"},"service":"user-service"}
{"level":"info","message":{"body":{},"level":"info","method":"GET","parameters":{"0":"/registration"},"timestamp":"11/6/2023, 1:33:36 PM","url":"/registration"},"service":"user-service"}
{"level":"info","message":{"body":{"email":"IanV4@gmail.com","firstName":"Ian","lastName":"V","password":"IanV123!","username":"IanV4"},"level":"info","method":"POST","parameters":{"0":"/registration"},"timestamp":"11/6/2023, 1:35:44 PM","url":"/registration"},"service":"user-service"}
{"level":"info","message":{"body":{"email":"IanV4@gmail.com","firstName":"Ian","lastName":"V","password":"IanV123!","username":"IanV4"},"level":"info","method":"GET","parameters":{"0":"/registration"},"timestamp":"11/6/2023, 1:41:41 PM","url":"/registration"},"service":"user-service"}
{"level":"info","message":{"body":{"email":"IanV4@gmail.com","firstName":"Ian","lastName":"V","password":"IanV123!","username":"IanV4"},"level":"info","method":"POST","parameters":{"0":"/registration"},"timestamp":"11/6/2023, 1:41:48 PM","url":"/registration"},"service":"user-service"}
{"level":"info","message":{"body":{"email":"IanV4@gmail.com","firstName":"Ian","lastName":"V","password":"IanV123!","username":"IanV4"},"level":"info","method":"GET","parameters":{"0":"/roundTwo"},"timestamp":"11/6/2023, 1:44:22 PM","url":"/roundTwo"},"service":"user-service"}
{"level":"info","message":{"body":{},"level":"info","method":"GET","parameters":{"0":"/roundTwo"},"timestamp":"11/6/2023, 1:46:23 PM","url":"/roundTwo"},"service":"user-service"}
